Arguments: 
  /usr/local/bin/node /usr/local/bin/yarn

PATH: 
  /Users/tuottu/.rvm/gems/ruby-2.4.2/bin:/Users/tuottu/.rvm/gems/ruby-2.4.2@global/bin:/Users/tuottu/.rvm/rubies/ruby-2.4.2/bin:/usr/local/bin:/usr/bin:/bin:/usr/sbin:/sbin:/Library/Frameworks/Mono.framework/Versions/Current/Commands:/Users/tuottu/.rvm/gems/ruby-2.4.2/bin:/Users/tuottu/.rvm/gems/ruby-2.4.2@global/bin:/Users/tuottu/.rvm/rubies/ruby-2.4.2/bin:/Users/tuottu/.rvm/bin:/Users/tuottu/.rvm/bin

Yarn version: 
  1.3.2

Node version: 
  8.4.0

Platform: 
  darwin x64

npm manifest: 
  {
    "name": "minimal-react-boilerplate",
    "version": "1.0.0",
    "description": "",
    "main": "index.js",
    "scripts": {
      "start": "webpack-dev-server --config ./webpack.config.js --mode development",
    },
    "keywords": [],
    "author": "",
    "license": "ISC",
    "devDependencies": {
      "webpack": "^4.12.1",
      "webpack-cli": "^3.0.8",
      "webpack-dev-server": "^3.1.4"
    }
  }

yarn manifest: 
  No manifest

Lockfile: 
  No lockfile

Trace: 
  SyntaxError: /Users/tuottu/Downloads/experiment-github/minimal-react-boilerplate/package.json: Unexpected token } in JSON at position 206
      at JSON.parse (<anonymous>)
      at /usr/local/lib/node_modules/yarn/lib/cli.js:770:59
      at Generator.next (<anonymous>)
      at step (/usr/local/lib/node_modules/yarn/lib/cli.js:92:30)
      at /usr/local/lib/node_modules/yarn/lib/cli.js:103:13
      at <anonymous>
